<?xml version="1.0" encoding="UTF-8"?>
<!-- Generated by org.testng.reporters.JUnitReportReporter -->
<testsuite hostname="DESKTOP-BQVK5ID" failures="0" tests="1" name="testcases.Tc002_Verify_Account_Login" time="1.398" errors="0" timestamp="2024-09-29T17:28:26 IST" skipped="0">
  <testcase classname="testcases.Tc002_Verify_Account_Login" name="Verify_Login" time="1.398"/>
</testsuite> <!-- testcases.Tc002_Verify_Account_Login -->
