<?xml version="1.0" encoding="UTF-8"?>
<!-- Generated by org.testng.reporters.JUnitReportReporter -->
<testsuite hostname="DESKTOP-BQVK5ID" failures="0" tests="3" name="testcases.Tc01_verify_Account_Registration" time="31.607" errors="0" timestamp="2024-09-24T13:06:25 IST" skipped="0">
  <testcase classname="testcases.Tc01_verify_Account_Registration" name="verify_Account_Registration" time="10.967"/>
  <testcase classname="testcases.Tc01_verify_Account_Registration" name="verify_Account_Registration" time="10.367"/>
  <testcase classname="testcases.Tc01_verify_Account_Registration" name="verify_Account_Registration" time="10.273"/>
</testsuite> <!-- testcases.Tc01_verify_Account_Registration -->
